<?xml version="1.0" encoding="UTF-8"?>
<!-- Generated by org.testng.reporters.JUnitReportReporter -->
<testsuite hostname="DESKTOP-GCLCB0O" failures="0" tests="1" name="practice.Loop_class" time="3.295" errors="0" timestamp="2021-08-06T20:27:27 EDT" skipped="0">
  <testcase classname="practice.Loop_class" name="signin" time="3.295"/>
  <system-out/>
</testsuite> <!-- practice.Loop_class -->
