<?xml version="1.0" encoding="UTF-8"?>
<!-- Generated by org.testng.reporters.JUnitReportReporter -->
<testsuite hostname="DESKTOP-GCLCB0O" failures="0" tests="3" name="practice.action_facebook" time="5.500" errors="0" timestamp="2021-08-05T13:10:51 EDT" skipped="0">
  <testcase classname="practice.action_facebook" name="actions" time="3.917"/>
  <system-out/>
  <testcase classname="practice.action_facebook" name="alerts" time="0.551"/>
  <system-out/>
  <testcase classname="practice.action_facebook" name="frames" time="1.032"/>
  <system-out/>
</testsuite> <!-- practice.action_facebook -->
