<?xml version="1.0" encoding="UTF-8"?>
<!-- Generated by org.testng.reporters.JUnitReportReporter -->
<testsuite hostname="DESKTOP-GCLCB0O" failures="0" tests="1" name="practice.signin_css" time="31.756" errors="0" timestamp="2021-07-26T13:00:58 EDT" skipped="0">
  <testcase classname="practice.signin_css" name="Signin" time="31.756"/>
  <system-out/>
</testsuite> <!-- practice.signin_css -->
